app/build/intermediates/manifest_merge_blame_file/debug/manifest-merger-blame-debug-report.txt
1<?xml version="1.0" encoding="utf-8"?>
2<manifest xmlns:android="http://schemas.android.com/apk/res/android"
3    xmlns:dist="http://schemas.android.com/apk/distribution"
4    package="trap1.bhaleraoomkar.chatroomfinalproject"
5    android:versionCode="1"
6    android:versionName="1.0" >
7
8    <uses-sdk
9        android:minSdkVersion="19"
9-->src\main\AndroidManifest.xml
10        android:targetSdkVersion="28" />
10-->src\main\AndroidManifest.xml
11
12    <uses-permission android:name="android.permission.ACCESS_COARSE_LOCATION" />
12-->src\main\AndroidManifest.xml:6:5-81
12-->src\main\AndroidManifest.xml:6:22-78
13    <uses-permission android:name="android.permission.ACCESS_FINE_LOCATION" />
13-->src\main\AndroidManifest.xml:7:5-79
13-->src\main\AndroidManifest.xml:7:22-76
14
15    <dist:module dist:instant="true" />
15-->src\main\AndroidManifest.xml:9:5-40
15-->src\main\AndroidManifest.xml:9:18-37
16
17    <uses-permission android:name="android.permission.ACCESS_NETWORK_STATE" />
17-->[com.google.firebase:firebase-database:16.0.4] AndroidManifest.xml:22:5-79
17-->[com.google.firebase:firebase-database:16.0.4] AndroidManifest.xml:22:22-76
18    <uses-permission android:name="android.permission.INTERNET" />
18-->[com.google.firebase:firebase-database:16.0.4] AndroidManifest.xml:23:5-67
18-->[com.google.firebase:firebase-database:16.0.4] AndroidManifest.xml:23:22-64
19
20    <uses-feature
20-->[com.google.android.gms:play-services-maps:17.0.0] AndroidManifest.xml:26:5-28:35
21        android:glEsVersion="0x00020000"
21-->[com.google.android.gms:play-services-maps:17.0.0] AndroidManifest.xml:27:9-41
22        android:required="true" />
22-->[com.google.android.gms:play-services-maps:17.0.0] AndroidManifest.xml:28:9-32
23
24    <uses-permission android:name="android.permission.WAKE_LOCK" />
24-->[com.google.firebase:firebase-measurement-connector-impl:17.0.2] AndroidManifest.xml:24:5-68
24-->[com.google.firebase:firebase-measurement-connector-impl:17.0.2] AndroidManifest.xml:24:22-65
25    <uses-permission android:name="com.google.android.finsky.permission.BIND_GET_INSTALL_REFERRER_SERVICE" /> <!-- Required by older versions of Google Play services to create IID tokens -->
25-->[com.google.firebase:firebase-analytics:16.0.4] AndroidManifest.xml:26:5-110
25-->[com.google.firebase:firebase-analytics:16.0.4] AndroidManifest.xml:26:22-107
26    <uses-permission android:name="com.google.android.c2dm.permission.RECEIVE" />
26-->[com.google.firebase:firebase-iid:17.0.4] AndroidManifest.xml:26:5-82
26-->[com.google.firebase:firebase-iid:17.0.4] AndroidManifest.xml:26:22-79
27
28    <application
28-->src\main\AndroidManifest.xml:11:5-46:19
29        android:allowBackup="true"
29-->src\main\AndroidManifest.xml:12:9-35
30        android:appComponentFactory="androidx.core.app.CoreComponentFactory"
30-->[androidx.core:core:1.0.1] AndroidManifest.xml:22:18-86
31        android:debuggable="true"
32        android:icon="@mipmap/ic_launcher"
32-->src\main\AndroidManifest.xml:13:9-43
33        android:label="@string/app_name"
33-->src\main\AndroidManifest.xml:14:9-41
34        android:roundIcon="@mipmap/ic_launcher_round"
34-->src\main\AndroidManifest.xml:15:9-54
35        android:supportsRtl="true"
35-->src\main\AndroidManifest.xml:16:9-35
36        android:theme="@style/AppTheme" >
36-->src\main\AndroidManifest.xml:17:9-40
37        <activity
37-->src\main\AndroidManifest.xml:18:9-20:68
38            android:name="trap1.bhaleraoomkar.chatroomfinalproject.MessagingActivity"
38-->src\main\AndroidManifest.xml:19:13-86
39            android:theme="@style/AppTheme.NoActionBar" />
39-->src\main\AndroidManifest.xml:20:13-56
40        <activity
40-->src\main\AndroidManifest.xml:22:9-24:68
41            android:name="trap1.bhaleraoomkar.chatroomfinalproject.OnlineUserActivity"
41-->src\main\AndroidManifest.xml:23:13-87
42            android:theme="@style/AppTheme.NoActionBar" />
42-->src\main\AndroidManifest.xml:24:13-56
43        <activity android:name="trap1.bhaleraoomkar.chatroomfinalproject.MainActivity" >
43-->src\main\AndroidManifest.xml:27:9-33:20
43-->src\main\AndroidManifest.xml:27:19-87
44            <intent-filter>
44-->src\main\AndroidManifest.xml:28:13-32:29
45                <action android:name="android.intent.action.MAIN" />
45-->src\main\AndroidManifest.xml:29:17-69
45-->src\main\AndroidManifest.xml:29:25-66
46
47                <category android:name="android.intent.category.LAUNCHER" />
47-->src\main\AndroidManifest.xml:31:17-77
47-->src\main\AndroidManifest.xml:31:27-74
48            </intent-filter>
49        </activity>
50
51        <service
51-->src\main\AndroidManifest.xml:37:9-45:19
52            android:name="trap1.bhaleraoomkar.chatroomfinalproject.NotificationService"
52-->src\main\AndroidManifest.xml:38:13-50
53            android:label="@string/app_name" >
53-->src\main\AndroidManifest.xml:39:13-47
54            <intent-filter>
54-->src\main\AndroidManifest.xml:40:13-44:29
55                <action android:name="trap1.bhaleraoomkar.chatroomfinalproject.NotificationService" />
55-->src\main\AndroidManifest.xml:41:17-42:101
55-->src\main\AndroidManifest.xml:42:21-98
56
57                <category android:name="android.intent.category.DEFAULT" />
57-->src\main\AndroidManifest.xml:43:17-77
57-->src\main\AndroidManifest.xml:43:27-74
58            </intent-filter>
59        </service>
60        <!--
61             FirebaseMessagingService performs security checks at runtime,
62             no need for explicit permissions despite exported="true"
63        -->
64        <service
64-->[com.google.firebase:firebase-messaging:17.3.4] AndroidManifest.xml:28:9-34:19
65            android:name="com.google.firebase.messaging.FirebaseMessagingService"
65-->[com.google.firebase:firebase-messaging:17.3.4] AndroidManifest.xml:29:13-82
66            android:exported="true" >
66-->[com.google.firebase:firebase-messaging:17.3.4] AndroidManifest.xml:30:13-36
67            <intent-filter android:priority="-500" >
67-->[com.google.firebase:firebase-messaging:17.3.4] AndroidManifest.xml:31:13-33:29
67-->[com.google.firebase:firebase-messaging:17.3.4] AndroidManifest.xml:31:28-51
68                <action android:name="com.google.firebase.MESSAGING_EVENT" />
68-->[com.google.firebase:firebase-messaging:17.3.4] AndroidManifest.xml:32:17-78
68-->[com.google.firebase:firebase-messaging:17.3.4] AndroidManifest.xml:32:25-75
69            </intent-filter>
70        </service> <!-- Needs to be explicitly declared on P+ -->
71        <uses-library
71-->[com.google.android.gms:play-services-maps:17.0.0] AndroidManifest.xml:33:9-35:40
72            android:name="org.apache.http.legacy"
72-->[com.google.android.gms:play-services-maps:17.0.0] AndroidManifest.xml:34:13-50
73            android:required="false" />
73-->[com.google.android.gms:play-services-maps:17.0.0] AndroidManifest.xml:35:13-37
74
75        <service
75-->[com.google.firebase:firebase-measurement-connector-impl:17.0.2] AndroidManifest.xml:27:9-31:19
76            android:name="com.google.firebase.components.ComponentDiscoveryService"
76-->[com.google.firebase:firebase-measurement-connector-impl:17.0.2] AndroidManifest.xml:27:18-89
77            android:exported="false" >
77-->[com.google.firebase:firebase-iid:17.0.4] AndroidManifest.xml:31:13-37
78            <meta-data
78-->[com.google.firebase:firebase-measurement-connector-impl:17.0.2] AndroidManifest.xml:28:13-30:85
79                android:name="com.google.firebase.components:com.google.firebase.analytics.connector.internal.AnalyticsConnectorRegistrar"
79-->[com.google.firebase:firebase-measurement-connector-impl:17.0.2] AndroidManifest.xml:29:17-139
80                android:value="com.google.firebase.components.ComponentRegistrar" />
80-->[com.google.firebase:firebase-measurement-connector-impl:17.0.2] AndroidManifest.xml:30:17-82
81            <meta-data
81-->[com.google.firebase:firebase-iid:17.0.4] AndroidManifest.xml:32:13-34:85
82                android:name="com.google.firebase.components:com.google.firebase.iid.Registrar"
82-->[com.google.firebase:firebase-iid:17.0.4] AndroidManifest.xml:33:17-96
83                android:value="com.google.firebase.components.ComponentRegistrar" />
83-->[com.google.firebase:firebase-iid:17.0.4] AndroidManifest.xml:34:17-82
84        </service>
85
86        <receiver
86-->[com.google.firebase:firebase-analytics:16.0.4] AndroidManifest.xml:29:9-33:20
87            android:name="com.google.android.gms.measurement.AppMeasurementReceiver"
87-->[com.google.firebase:firebase-analytics:16.0.4] AndroidManifest.xml:30:13-85
88            android:enabled="true"
88-->[com.google.firebase:firebase-analytics:16.0.4] AndroidManifest.xml:31:13-35
89            android:exported="false" >
89-->[com.google.firebase:firebase-analytics:16.0.4] AndroidManifest.xml:32:13-37
90        </receiver>
91        <receiver
91-->[com.google.firebase:firebase-analytics:16.0.4] AndroidManifest.xml:34:9-42:20
92            android:name="com.google.android.gms.measurement.AppMeasurementInstallReferrerReceiver"
92-->[com.google.firebase:firebase-analytics:16.0.4] AndroidManifest.xml:35:13-100
93            android:enabled="true"
93-->[com.google.firebase:firebase-analytics:16.0.4] AndroidManifest.xml:36:13-35
94            android:exported="true"
94-->[com.google.firebase:firebase-analytics:16.0.4] AndroidManifest.xml:37:13-36
95            android:permission="android.permission.INSTALL_PACKAGES" >
95-->[com.google.firebase:firebase-analytics:16.0.4] AndroidManifest.xml:38:13-69
96            <intent-filter>
96-->[com.google.firebase:firebase-analytics:16.0.4] AndroidManifest.xml:39:13-41:29
97                <action android:name="com.android.vending.INSTALL_REFERRER" />
97-->[com.google.firebase:firebase-analytics:16.0.4] AndroidManifest.xml:40:17-79
97-->[com.google.firebase:firebase-analytics:16.0.4] AndroidManifest.xml:40:25-76
98            </intent-filter>
99        </receiver>
100
101        <service
101-->[com.google.firebase:firebase-analytics:16.0.4] AndroidManifest.xml:44:9-47:40
102            android:name="com.google.android.gms.measurement.AppMeasurementService"
102-->[com.google.firebase:firebase-analytics:16.0.4] AndroidManifest.xml:45:13-84
103            android:enabled="true"
103-->[com.google.firebase:firebase-analytics:16.0.4] AndroidManifest.xml:46:13-35
104            android:exported="false" />
104-->[com.google.firebase:firebase-analytics:16.0.4] AndroidManifest.xml:47:13-37
105        <service
105-->[com.google.firebase:firebase-analytics:16.0.4] AndroidManifest.xml:48:9-52:72
106            android:name="com.google.android.gms.measurement.AppMeasurementJobService"
106-->[com.google.firebase:firebase-analytics:16.0.4] AndroidManifest.xml:49:13-87
107            android:enabled="true"
107-->[com.google.firebase:firebase-analytics:16.0.4] AndroidManifest.xml:50:13-35
108            android:exported="false"
108-->[com.google.firebase:firebase-analytics:16.0.4] AndroidManifest.xml:51:13-37
109            android:permission="android.permission.BIND_JOB_SERVICE" />
109-->[com.google.firebase:firebase-analytics:16.0.4] AndroidManifest.xml:52:13-69
110
111        <receiver
111-->[com.google.firebase:firebase-iid:17.0.4] AndroidManifest.xml:37:9-44:20
112            android:name="com.google.firebase.iid.FirebaseInstanceIdReceiver"
112-->[com.google.firebase:firebase-iid:17.0.4] AndroidManifest.xml:38:13-78
113            android:exported="true"
113-->[com.google.firebase:firebase-iid:17.0.4] AndroidManifest.xml:39:13-36
114            android:permission="com.google.android.c2dm.permission.SEND" >
114-->[com.google.firebase:firebase-iid:17.0.4] AndroidManifest.xml:40:13-73
115            <intent-filter>
115-->[com.google.firebase:firebase-iid:17.0.4] AndroidManifest.xml:41:13-43:29
116                <action android:name="com.google.android.c2dm.intent.RECEIVE" />
116-->[com.google.firebase:firebase-iid:17.0.4] AndroidManifest.xml:42:17-81
116-->[com.google.firebase:firebase-iid:17.0.4] AndroidManifest.xml:42:25-78
117            </intent-filter>
118        </receiver>
119        <!--
120             FirebaseInstanceIdService performs security checks at runtime,
121             no need for explicit permissions despite exported="true"
122        -->
123        <service
123-->[com.google.firebase:firebase-iid:17.0.4] AndroidManifest.xml:50:9-56:19
124            android:name="com.google.firebase.iid.FirebaseInstanceIdService"
124-->[com.google.firebase:firebase-iid:17.0.4] AndroidManifest.xml:51:13-77
125            android:exported="true" >
125-->[com.google.firebase:firebase-iid:17.0.4] AndroidManifest.xml:52:13-36
126            <intent-filter android:priority="-500" >
126-->[com.google.firebase:firebase-iid:17.0.4] AndroidManifest.xml:53:13-55:29
126-->[com.google.firebase:firebase-iid:17.0.4] AndroidManifest.xml:53:28-51
127                <action android:name="com.google.firebase.INSTANCE_ID_EVENT" />
127-->[com.google.firebase:firebase-iid:17.0.4] AndroidManifest.xml:54:17-80
127-->[com.google.firebase:firebase-iid:17.0.4] AndroidManifest.xml:54:25-77
128            </intent-filter>
129        </service>
130
131        <activity
131-->[com.google.android.gms:play-services-base:17.0.0] AndroidManifest.xml:23:9-26:75
132            android:name="com.google.android.gms.common.api.GoogleApiActivity"
132-->[com.google.android.gms:play-services-base:17.0.0] AndroidManifest.xml:24:13-79
133            android:exported="false"
133-->[com.google.android.gms:play-services-base:17.0.0] AndroidManifest.xml:25:13-37
134            android:theme="@android:style/Theme.Translucent.NoTitleBar" />
134-->[com.google.android.gms:play-services-base:17.0.0] AndroidManifest.xml:26:13-72
135
136        <provider
136-->[com.google.firebase:firebase-common:16.0.3] AndroidManifest.xml:10:9-14:39
137            android:name="com.google.firebase.provider.FirebaseInitProvider"
137-->[com.google.firebase:firebase-common:16.0.3] AndroidManifest.xml:11:13-77
138            android:authorities="trap1.bhaleraoomkar.chatroomfinalproject.firebaseinitprovider"
138-->[com.google.firebase:firebase-common:16.0.3] AndroidManifest.xml:12:13-72
139            android:exported="false"
139-->[com.google.firebase:firebase-common:16.0.3] AndroidManifest.xml:13:13-37
140            android:initOrder="100" />
140-->[com.google.firebase:firebase-common:16.0.3] AndroidManifest.xml:14:13-36
141
142        <meta-data
142-->[com.google.android.gms:play-services-basement:17.0.0] AndroidManifest.xml:23:9-25:69
143            android:name="com.google.android.gms.version"
143-->[com.google.android.gms:play-services-basement:17.0.0] AndroidManifest.xml:24:13-58
144            android:value="@integer/google_play_services_version" />
144-->[com.google.android.gms:play-services-basement:17.0.0] AndroidManifest.xml:25:13-66
145    </application>
146
147</manifest>